<html>
<head>
<title>TestNG:  Test</title>
<link href="../testng.css" rel="stylesheet" type="text/css" />
<link href="../my-testng.css" rel="stylesheet" type="text/css" />

<style type="text/css">
.log { display: none;} 
.stack-trace { display: none;} 
</style>
<script type="text/javascript">
<!--
function flip(e) {
  current = e.style.display;
  if (current == 'block') {
    e.style.display = 'none';
    return 0;
  }
  else {
    e.style.display = 'block';
    return 1;
  }
}

function toggleBox(szDivId, elem, msg1, msg2)
{
  var res = -1;  if (document.getElementById) {
    res = flip(document.getElementById(szDivId));
  }
  else if (document.all) {
    // this is the way old msie versions work
    res = flip(document.all[szDivId]);
  }
  if(elem) {
    if(res == 0) elem.innerHTML = msg1; else elem.innerHTML = msg2;
  }

}

function toggleAllBoxes() {
  if (document.getElementsByTagName) {
    d = document.getElementsByTagName('div');
    for (i = 0; i < d.length; i++) {
      if (d[i].className == 'log') {
        flip(d[i]);
      }
    }
  }
}

// -->
</script>

</head>
<body>
<h2 align='center'>Test</h2><table border='1' align="center">
<tr>
<td>Tests passed/Failed/Skipped:</td><td>16/0/1</td>
</tr><tr>
<td>Started on:</td><td>Wed Sep 21 18:16:22 IST 2022</td>
</tr>
<tr><td>Total time:</td><td>486 seconds (486194 ms)</td>
</tr><tr>
<td>Included groups:</td><td></td>
</tr><tr>
<td>Excluded groups:</td><td></td>
</tr>
</table><p/>
<small><i>(Hover the method name to see the test class name)</i></small><p/>
<table width='100%' border='1' class='invocation-passed'>
<tr><td colspan='4' align='center'><b>PASSED TESTS</b></td></tr>
<tr><td><b>Test method</b></td>
<td width="30%"><b>Exception</b></td>
<td width="10%"><b>Time (seconds)</b></td>
<td><b>Instance</b></td>
</tr>
<tr>
<td title='org.projecttoolstation.homePageTesting.popupFunctionalityTest1()'><b>popupFunctionalityTest1</b><br>Test class: org.projecttoolstation.homePageTesting</td>
<td></td>
<td>0</td>
<td>org.projecttoolstation.homePageTesting@27efef64</td></tr>
<tr>
<td title='org.projecttoolstation.signUpFunctionality.testCase1()'><b>testCase1</b><br>Test class: org.projecttoolstation.signUpFunctionality</td>
<td></td>
<td>21</td>
<td>org.projecttoolstation.signUpFunctionality@6f7fd0e6</td></tr>
<tr>
<td title='org.projecttoolstation.TestingSingInSinario.testCase1()'><b>testCase1</b><br>Test class: org.projecttoolstation.TestingSingInSinario</td>
<td></td>
<td>18</td>
<td>org.projecttoolstation.TestingSingInSinario@47c62251</td></tr>
<tr>
<td title='org.projecttoolstation.forgotPasswordFuntionality.testCase1()'><b>testCase1</b><br>Test class: org.projecttoolstation.forgotPasswordFuntionality</td>
<td></td>
<td>17</td>
<td>org.projecttoolstation.forgotPasswordFuntionality@3e6fa38a</td></tr>
<tr>
<td title='org.projecttoolstation.SearchBoxFunctionality.testCase1()'><b>testCase1</b><br>Test class: org.projecttoolstation.SearchBoxFunctionality<br>Parameters: spray paint</td>
<td></td>
<td>34</td>
<td>org.projecttoolstation.SearchBoxFunctionality@66a3ffec</td></tr>
<tr>
<td title='org.projecttoolstation.SearchBoxFunctionality.testCase1()'><b>testCase1</b><br>Test class: org.projecttoolstation.SearchBoxFunctionality<br>Parameters: pipe</td>
<td></td>
<td>21</td>
<td>org.projecttoolstation.SearchBoxFunctionality@66a3ffec</td></tr>
<tr>
<td title='org.projecttoolstation.SearchBoxFunctionality.testCase1()'><b>testCase1</b><br>Test class: org.projecttoolstation.SearchBoxFunctionality<br>Parameters: drill bit set</td>
<td></td>
<td>19</td>
<td>org.projecttoolstation.SearchBoxFunctionality@66a3ffec</td></tr>
<tr>
<td title='org.projecttoolstation.SearchBoxFunctionality.testCase1()'><b>testCase1</b><br>Test class: org.projecttoolstation.SearchBoxFunctionality<br>Parameters: water pump</td>
<td></td>
<td>11</td>
<td>org.projecttoolstation.SearchBoxFunctionality@66a3ffec</td></tr>
<tr>
<td title='org.projecttoolstation.Trolleyfunctionality.testCase1()'><b>testCase1</b><br>Test class: org.projecttoolstation.Trolleyfunctionality</td>
<td></td>
<td>43</td>
<td>org.projecttoolstation.Trolleyfunctionality@77caeb3e</td></tr>
<tr>
<td title='org.projecttoolstation.homePageTesting.testCase2()'><b>testCase2</b><br>Test class: org.projecttoolstation.homePageTesting</td>
<td></td>
<td>10</td>
<td>org.projecttoolstation.homePageTesting@27efef64</td></tr>
<tr>
<td title='org.projecttoolstation.TestingSingInSinario.testCase2()'><b>testCase2</b><br>Test class: org.projecttoolstation.TestingSingInSinario</td>
<td></td>
<td>16</td>
<td>org.projecttoolstation.TestingSingInSinario@47c62251</td></tr>
<tr>
<td title='org.projecttoolstation.TestingSingInSinario.testCase3()'><b>testCase3</b><br>Test class: org.projecttoolstation.TestingSingInSinario</td>
<td></td>
<td>2</td>
<td>org.projecttoolstation.TestingSingInSinario@47c62251</td></tr>
<tr>
<td title='org.projecttoolstation.TestingSingInSinario.testCase4()'><b>testCase4</b><br>Test class: org.projecttoolstation.TestingSingInSinario</td>
<td></td>
<td>0</td>
<td>org.projecttoolstation.TestingSingInSinario@47c62251</td></tr>
<tr>
<td title='org.projecttoolstation.homePageTesting.testcase1()'><b>testcase1</b><br>Test class: org.projecttoolstation.homePageTesting</td>
<td></td>
<td>5</td>
<td>org.projecttoolstation.homePageTesting@27efef64</td></tr>
<tr>
<td title='org.projecttoolstation.homePageTesting.testcase3()'><b>testcase3</b><br>Test class: org.projecttoolstation.homePageTesting</td>
<td></td>
<td>9</td>
<td>org.projecttoolstation.homePageTesting@27efef64</td></tr>
<tr>
<td title='org.projecttoolstation.homePageTesting.testcase4()'><b>testcase4</b><br>Test class: org.projecttoolstation.homePageTesting</td>
<td></td>
<td>3</td>
<td>org.projecttoolstation.homePageTesting@27efef64</td></tr>
</table><p>
<table width='100%' border='1' class='invocation-skipped'>
<tr><td colspan='4' align='center'><b>SKIPPED TESTS</b></td></tr>
<tr><td><b>Test method</b></td>
<td width="30%"><b>Exception</b></td>
<td width="10%"><b>Time (seconds)</b></td>
<td><b>Instance</b></td>
</tr>
<tr>
<td title='org.projecttoolstation.SearchBoxFunctionality.testCase1()'><b>testCase1</b><br>Test class: org.projecttoolstation.SearchBoxFunctionality<br>Parameters: spray paint</td>
<td><div><pre>java.lang.AssertionError: expected [true] but found [false]
	at org.projecttoolstation.SearchBoxFunctionality.testCase1(SearchBoxFunctionality.java:64)
... Removed 29 stack frames</pre></div><a href='#' onClick='toggleBox("stack-trace1545666472", this, "Click to show all stack frames", "Click to hide stack frames")'>Click to show all stack frames</a>
<div class='stack-trace' id='stack-trace1545666472'><pre>java.lang.AssertionError: expected [true] but found [false]
	at org.testng.Assert.fail(Assert.java:96)
	at org.testng.Assert.failNotEquals(Assert.java:776)
	at org.testng.Assert.assertTrue(Assert.java:44)
	at org.testng.Assert.assertTrue(Assert.java:54)
	at org.projecttoolstation.SearchBoxFunctionality.testCase1(SearchBoxFunctionality.java:64)
	at sun.reflect.NativeMethodAccessorImpl.invoke0(Native Method)
	at sun.reflect.NativeMethodAccessorImpl.invoke(Unknown Source)
	at sun.reflect.DelegatingMethodAccessorImpl.invoke(Unknown Source)
	at java.lang.reflect.Method.invoke(Unknown Source)
	at org.testng.internal.MethodInvocationHelper.invokeMethod(MethodInvocationHelper.java:124)
	at org.testng.internal.Invoker.invokeMethod(Invoker.java:583)
	at org.testng.internal.Invoker.invokeTestMethod(Invoker.java:719)
	at org.testng.internal.Invoker.invokeTestMethods(Invoker.java:989)
	at org.testng.internal.TestMethodWorker.invokeTestMethods(TestMethodWorker.java:125)
	at org.testng.internal.TestMethodWorker.run(TestMethodWorker.java:109)
	at org.testng.TestRunner.privateRun(TestRunner.java:648)
	at org.testng.TestRunner.run(TestRunner.java:505)
	at org.testng.SuiteRunner.runTest(SuiteRunner.java:455)
	at org.testng.SuiteRunner.runSequentially(SuiteRunner.java:450)
	at org.testng.SuiteRunner.privateRun(SuiteRunner.java:415)
	at org.testng.SuiteRunner.run(SuiteRunner.java:364)
	at org.testng.SuiteRunnerWorker.runSuite(SuiteRunnerWorker.java:52)
	at org.testng.SuiteRunnerWorker.run(SuiteRunnerWorker.java:84)
	at org.testng.TestNG.runSuitesSequentially(TestNG.java:1208)
	at org.testng.TestNG.runSuitesLocally(TestNG.java:1137)
	at org.testng.TestNG.runSuites(TestNG.java:1049)
	at org.testng.TestNG.run(TestNG.java:1017)
	at org.testng.remote.AbstractRemoteTestNG.run(AbstractRemoteTestNG.java:114)
	at org.testng.remote.RemoteTestNG.initAndRun(RemoteTestNG.java:251)
	at org.testng.remote.RemoteTestNG.main(RemoteTestNG.java:77)
</pre></div></td>
<td>11</td>
<td>org.projecttoolstation.SearchBoxFunctionality@66a3ffec</td></tr>
</table><p>
</body>
</html>